<?xml version="1.0" encoding="UTF-8"?>
<!-- Generated by org.testng.reporters.JUnitReportReporter -->
<testsuite hostname="Mukesh" name="testcases.FirstTCUsingPageObject" tests="1" failures="0" timestamp="25 Sep 2016 04:51:36 GMT" time="26.097" errors="0">
  <testcase name="loginToApplication" time="26.097" classname="testcases.FirstTCUsingPageObject"/>
</testsuite> <!-- testcases.FirstTCUsingPageObject -->
