<?xml version="1.0" encoding="UTF-8"?>
<!-- Generated by org.testng.reporters.JUnitReportReporter -->
<testsuite skipped="0" hostname="A7ML10750" name="testNGPractice.ParametersPractice" tests="1" failures="0" timestamp="17 Jan 2017 10:18:04 GMT" time="24.950" errors="0">
  <testcase name="launchApp" time="24.950" classname="testNGPractice.ParametersPractice"/>
</testsuite> <!-- testNGPractice.ParametersPractice -->
