<?xml version="1.0" encoding="UTF-8"?>
<!-- Generated by org.testng.reporters.JUnitReportReporter -->
<testsuite skipped="0" hostname="A7ML10750" name="testNGPractice.CrossBrowserTesting" tests="2" failures="0" timestamp="17 Jan 2017 11:39:54 GMT" time="29.316" errors="0">
  <testcase name="testBrowser" time="15.655" classname="testNGPractice.CrossBrowserTesting"/>
  <testcase name="testBrowser" time="13.661" classname="testNGPractice.CrossBrowserTesting"/>
</testsuite> <!-- testNGPractice.CrossBrowserTesting -->
