<?xml version="1.0" encoding="UTF-8"?>
<!-- Generated by org.testng.reporters.JUnitReportReporter -->
<testsuite hostname="A7ML10750" name="testNGPractice.Groupts" tests="2" failures="0" timestamp="12 Jan 2017 16:37:01 GMT" time="0.011" errors="0">
  <testcase name="smokeTesting1" time="0.010" classname="testNGPractice.Groupts"/>
  <testcase name="smokeTesting2" time="0.001" classname="testNGPractice.Groupts"/>
</testsuite> <!-- testNGPractice.Groupts -->
