<?xml version="1.0" encoding="UTF-8"?>
<!-- Generated by org.testng.reporters.JUnitReportReporter -->
<testsuite hostname="A7ML10750" name="javaPratice.StringPractice" tests="1" failures="0" timestamp="12 Jan 2017 11:29:19 GMT" time="0.012" errors="0">
  <testcase name="testMethod" time="0.012" classname="javaPratice.StringPractice"/>
</testsuite> <!-- javaPratice.StringPractice -->
