<?xml version="1.0" encoding="UTF-8"?>
<!-- Generated by org.testng.reporters.JUnitReportReporter -->
<testsuite hostname="Mukesh" name="testcases.hybridTestCases.AddUser" tests="1" failures="0" timestamp="25 Sep 2016 05:22:04 GMT" time="22.967" errors="0">
  <testcase name="addUserToApplication" time="22.967" classname="testcases.hybridTestCases.AddUser"/>
</testsuite> <!-- testcases.hybridTestCases.AddUser -->
